<?xml version="1.0" encoding="UTF-8"?>
<testng-results skipped="0" failed="0" ignored="0" total="1" passed="1">
  <reporter-output>
  </reporter-output>
  <suite name="Default suite" duration-ms="63742" started-at="2020-05-12T19:53:09 IST" finished-at="2020-05-12T19:54:13 IST">
    <groups>
    </groups>
    <test name="Default test" duration-ms="63742" started-at="2020-05-12T19:53:09 IST" finished-at="2020-05-12T19:54:13 IST">
      <class name="ALERTS.Popup">
        <test-method status="PASS" signature="beforeTest()[pri:0, instance:ALERTS.Popup@5b87ed94]" name="beforeTest" is-config="true" duration-ms="19523" started-at="2020-05-12T19:53:09 IST" finished-at="2020-05-12T19:53:28 IST">
          <reporter-output>
          </reporter-output>
        </test-method> <!-- beforeTest -->
        <test-method status="PASS" signature="Login()[pri:0, instance:ALERTS.Popup@5b87ed94]" name="Login" duration-ms="44117" started-at="2020-05-12T19:53:28 IST" finished-at="2020-05-12T19:54:13 IST">
          <reporter-output>
          </reporter-output>
        </test-method> <!-- Login -->
        <test-method status="PASS" signature="afterTest()[pri:0, instance:ALERTS.Popup@5b87ed94]" name="afterTest" is-config="true" duration-ms="1" started-at="2020-05-12T19:54:13 IST" finished-at="2020-05-12T19:54:13 IST">
          <reporter-output>
          </reporter-output>
        </test-method> <!-- afterTest -->
      </class> <!-- ALERTS.Popup -->
    </test> <!-- Default test -->
  </suite> <!-- Default suite -->
</testng-results>
